2018-10-15 15:08:39,684 F:\qq\utils\cpu_utils.py(47): ERROR {'serial': '1001', 'level': 'warn', 'message': 'Cpu usage is too hight, cpu usage reached 63.3%.', 'time': '2018-10-15 15:08:37'}
2018-10-15 15:08:49,782 F:\qq\utils\cpu_utils.py(47): ERROR {'serial': '1001', 'level': 'warn', 'message': 'Cpu usage is too hight, cpu usage reached 54.7%.', 'time': '2018-10-15 15:08:47'}
2018-10-15 15:08:59,872 F:\qq\utils\cpu_utils.py(47): ERROR {'serial': '1001', 'level': 'warn', 'message': 'Cpu usage is too hight, cpu usage reached 54.3%.', 'time': '2018-10-15 15:08:57'}
2018-10-15 15:09:09,947 F:\qq\utils\cpu_utils.py(47): ERROR {'serial': '1001', 'level': 'warn', 'message': 'Cpu usage is too hight, cpu usage reached 54.3%.', 'time': '2018-10-15 15:09:07'}
2018-10-15 15:09:20,075 F:\qq\utils\cpu_utils.py(47): ERROR {'serial': '1001', 'level': 'warn', 'message': 'Cpu usage is too hight, cpu usage reached 57.8%.', 'time': '2018-10-15 15:09:17'}
2018-10-15 15:09:56,305 F:\qq\utils\cpu_utils.py(47): ERROR {'serial': '1001', 'level': 'warn', 'message': 'Cpu usage is too hight, cpu usage reached 59.1%.', 'time': '2018-10-15 15:09:54'}
2018-10-15 15:10:06,384 F:\qq\utils\cpu_utils.py(47): ERROR {'serial': '1001', 'level': 'warn', 'message': 'Cpu usage is too hight, cpu usage reached 53.7%.', 'time': '2018-10-15 15:10:04'}
2018-10-15 15:10:16,476 F:\qq\utils\cpu_utils.py(47): ERROR {'serial': '1001', 'level': 'warn', 'message': 'Cpu usage is too hight, cpu usage reached 65.4%.', 'time': '2018-10-15 15:10:14'}
2018-10-15 15:10:26,562 F:\qq\utils\cpu_utils.py(47): ERROR {'serial': '1001', 'level': 'warn', 'message': 'Cpu usage is too hight, cpu usage reached 56.4%.', 'time': '2018-10-15 15:10:24'}
2018-10-15 15:10:36,648 F:\qq\utils\cpu_utils.py(47): ERROR {'serial': '1001', 'level': 'warn', 'message': 'Cpu usage is too hight, cpu usage reached 53.1%.', 'time': '2018-10-15 15:10:34'}
2018-10-15 15:10:46,763 F:\qq\utils\cpu_utils.py(47): ERROR {'serial': '1001', 'level': 'warn', 'message': 'Cpu usage is too hight, cpu usage reached 56.6%.', 'time': '2018-10-15 15:10:44'}
2018-10-15 15:10:57,023 F:\qq\utils\cpu_utils.py(47): ERROR {'serial': '1001', 'level': 'warn', 'message': 'Cpu usage is too hight, cpu usage reached 73.7%.', 'time': '2018-10-15 15:10:54'}
2018-10-15 15:11:07,132 F:\qq\utils\cpu_utils.py(47): ERROR {'serial': '1001', 'level': 'warn', 'message': 'Cpu usage is too hight, cpu usage reached 53.9%.', 'time': '2018-10-15 15:11:05'}
2018-10-15 15:11:17,312 F:\qq\utils\cpu_utils.py(47): ERROR {'serial': '1001', 'level': 'warn', 'message': 'Cpu usage is too hight, cpu usage reached 53.1%.', 'time': '2018-10-15 15:11:15'}
2018-10-15 15:11:27,400 F:\qq\utils\cpu_utils.py(47): ERROR {'serial': '1001', 'level': 'warn', 'message': 'Cpu usage is too hight, cpu usage reached 59.3%.', 'time': '2018-10-15 15:11:25'}
2018-10-15 15:14:49,331 F:\qq\utils\cpu_utils.py(47): ERROR {'serial': '1001', 'level': 'warn', 'message': 'Cpu usage is too hight, cpu usage reached 100.0%.', 'time': '2018-10-15 15:14:45'}
2018-10-15 15:17:01,206 F:\qq\utils\cpu_utils.py(47): ERROR {'serial': '1001', 'level': 'warn', 'message': 'Cpu usage is too hight, cpu usage reached 90.8%.', 'time': '2018-10-15 15:16:59'}
2018-10-15 15:28:20,793 F:\qq\utils\cpu_utils.py(47): ERROR {'serial': '1001', 'level': 'warn', 'message': 'Cpu usage is too hight, cpu usage reached 100.0%.', 'time': '2018-10-15 15:28:18'}
2018-10-15 15:35:40,035 F:\qq\utils\cpu_utils.py(47): ERROR {'serial': '1001', 'level': 'warn', 'message': 'Cpu usage is too hight, cpu usage reached 100.0%.', 'time': '2018-10-15 15:35:37'}
2018-10-15 15:44:50,512 F:\qq\utils\cpu_utils.py(47): ERROR {'serial': '1001', 'level': 'warn', 'message': 'Cpu usage is too hight, cpu usage reached 97.4%.', 'time': '2018-10-15 15:44:47'}
2018-10-15 15:51:05,730 F:\qq\utils\cpu_utils.py(47): ERROR {'serial': '1001', 'level': 'warn', 'message': 'Cpu usage is too hight, cpu usage reached 100.0%.', 'time': '2018-10-15 15:51:02'}
2018-10-15 16:02:50,661 F:\qq\utils\cpu_utils.py(47): ERROR {'serial': '1001', 'level': 'warn', 'message': 'Cpu usage is too hight, cpu usage reached 97.3%.', 'time': '2018-10-15 16:02:48'}
2018-10-15 16:12:51,720 F:\qq\utils\cpu_utils.py(47): ERROR {'serial': '1001', 'level': 'warn', 'message': 'Cpu usage is too hight, cpu usage reached 90.3%.', 'time': '2018-10-15 16:12:48'}
2018-10-15 16:13:03,529 F:\qq\utils\cpu_utils.py(47): ERROR {'serial': '1001', 'level': 'warn', 'message': 'Cpu usage is too hight, cpu usage reached 100.0%.', 'time': '2018-10-15 16:12:59'}
2018-10-15 16:13:45,625 F:\qq\utils\cpu_utils.py(47): ERROR {'serial': '1001', 'level': 'warn', 'message': 'Cpu usage is too hight, cpu usage reached 100.0%.', 'time': '2018-10-15 16:13:41'}
2018-10-15 16:13:56,071 F:\qq\utils\cpu_utils.py(47): ERROR {'serial': '1001', 'level': 'warn', 'message': 'Cpu usage is too hight, cpu usage reached 93.2%.', 'time': '2018-10-15 16:13:53'}
2018-10-15 16:15:27,890 F:\qq\utils\cpu_utils.py(47): ERROR {'serial': '1001', 'level': 'warn', 'message': 'Cpu usage is too hight, cpu usage reached 94.5%.', 'time': '2018-10-15 16:15:25'}
2018-10-15 16:16:28,400 F:\qq\utils\cpu_utils.py(47): ERROR {'serial': '1001', 'level': 'warn', 'message': 'Cpu usage is too hight, cpu usage reached 100.0%.', 'time': '2018-10-15 16:16:26'}
2018-10-15 16:21:02,013 F:\qq\utils\cpu_utils.py(47): ERROR {'serial': '1001', 'level': 'warn', 'message': 'Cpu usage is too hight, cpu usage reached 99.6%.', 'time': '2018-10-15 16:20:59'}
2018-10-15 16:23:33,559 F:\qq\utils\cpu_utils.py(47): ERROR {'serial': '1001', 'level': 'warn', 'message': 'Cpu usage is too hight, cpu usage reached 95.0%.', 'time': '2018-10-15 16:23:31'}
2018-10-15 16:23:44,312 F:\qq\utils\cpu_utils.py(47): ERROR {'serial': '1001', 'level': 'warn', 'message': 'Cpu usage is too hight, cpu usage reached 93.8%.', 'time': '2018-10-15 16:23:41'}
2018-10-15 16:23:55,226 F:\qq\utils\cpu_utils.py(47): ERROR {'serial': '1001', 'level': 'warn', 'message': 'Cpu usage is too hight, cpu usage reached 100.0%.', 'time': '2018-10-15 16:23:52'}
2018-10-15 16:24:15,723 F:\qq\utils\cpu_utils.py(47): ERROR {'serial': '1001', 'level': 'warn', 'message': 'Cpu usage is too hight, cpu usage reached 95.3%.', 'time': '2018-10-15 16:24:13'}
2018-10-15 16:32:51,461 F:\qq\utils\cpu_utils.py(47): ERROR {'serial': '1001', 'level': 'warn', 'message': 'Cpu usage is too hight, cpu usage reached 92.2%.', 'time': '2018-10-15 16:32:49'}
2018-10-15 16:35:33,894 F:\qq\utils\cpu_utils.py(47): ERROR {'serial': '1001', 'level': 'warn', 'message': 'Cpu usage is too hight, cpu usage reached 91.5%.', 'time': '2018-10-15 16:35:31'}
2018-10-15 16:51:02,701 F:\qq\utils\cpu_utils.py(47): ERROR {'serial': '1001', 'level': 'warn', 'message': 'Cpu usage is too hight, cpu usage reached 100.0%.', 'time': '2018-10-15 16:51:00'}
2018-10-15 16:51:13,059 F:\qq\utils\cpu_utils.py(47): ERROR {'serial': '1001', 'level': 'warn', 'message': 'Cpu usage is too hight, cpu usage reached 93.5%.', 'time': '2018-10-15 16:51:10'}
2018-10-15 16:55:37,049 F:\qq\utils\cpu_utils.py(47): ERROR {'serial': '1001', 'level': 'warn', 'message': 'Cpu usage is too hight, cpu usage reached 100.0%.', 'time': '2018-10-15 16:55:33'}
2018-10-15 17:02:21,467 F:\qq\utils\cpu_utils.py(47): ERROR {'serial': '1001', 'level': 'warn', 'message': 'Cpu usage is too hight, cpu usage reached 100.0%.', 'time': '2018-10-15 17:02:19'}
2018-10-15 17:28:45,730 F:\qq\utils\cpu_utils.py(47): ERROR {'serial': '1001', 'level': 'warn', 'message': 'Cpu usage is too hight, cpu usage reached 100.0%.', 'time': '2018-10-15 17:28:43'}
2018-10-15 18:28:59,924 F:\qq\utils\cpu_utils.py(47): ERROR {'serial': '1001', 'level': 'warn', 'message': 'Cpu usage is too hight, cpu usage reached 100.0%.', 'time': '2018-10-15 18:28:57'}
2018-10-15 18:29:10,266 F:\qq\utils\cpu_utils.py(47): ERROR {'serial': '1001', 'level': 'warn', 'message': 'Cpu usage is too hight, cpu usage reached 100.0%.', 'time': '2018-10-15 18:29:07'}
2018-10-15 18:29:20,898 F:\qq\utils\cpu_utils.py(47): ERROR {'serial': '1001', 'level': 'warn', 'message': 'Cpu usage is too hight, cpu usage reached 100.0%.', 'time': '2018-10-15 18:29:18'}
2018-10-15 18:29:27,788 F:\qq\utils\cpu_utils.py(47): ERROR {'serial': '1001', 'level': 'warn', 'message': 'Cpu usage is too hight, cpu usage reached 100.0%.', 'time': '2018-10-15 18:29:25'}
2018-10-15 18:29:38,289 F:\qq\utils\cpu_utils.py(47): ERROR {'serial': '1001', 'level': 'warn', 'message': 'Cpu usage is too hight, cpu usage reached 100.0%.', 'time': '2018-10-15 18:29:35'}
2018-10-15 18:29:48,446 F:\qq\utils\cpu_utils.py(47): ERROR {'serial': '1001', 'level': 'warn', 'message': 'Cpu usage is too hight, cpu usage reached 92.4%.', 'time': '2018-10-15 18:29:46'}
2018-10-15 18:29:58,746 F:\qq\utils\cpu_utils.py(47): ERROR {'serial': '1001', 'level': 'warn', 'message': 'Cpu usage is too hight, cpu usage reached 96.9%.', 'time': '2018-10-15 18:29:56'}
2018-10-15 18:30:08,917 F:\qq\utils\cpu_utils.py(47): ERROR {'serial': '1001', 'level': 'warn', 'message': 'Cpu usage is too hight, cpu usage reached 97.3%.', 'time': '2018-10-15 18:30:06'}
2018-10-15 18:30:18,993 F:\qq\utils\cpu_utils.py(47): ERROR {'serial': '1001', 'level': 'warn', 'message': 'Cpu usage is too hight, cpu usage reached 100.0%.', 'time': '2018-10-15 18:30:16'}
2018-10-15 18:30:29,289 F:\qq\utils\cpu_utils.py(47): ERROR {'serial': '1001', 'level': 'warn', 'message': 'Cpu usage is too hight, cpu usage reached 100.0%.', 'time': '2018-10-15 18:30:26'}
2018-10-15 18:30:39,404 F:\qq\utils\cpu_utils.py(47): ERROR {'serial': '1001', 'level': 'warn', 'message': 'Cpu usage is too hight, cpu usage reached 100.0%.', 'time': '2018-10-15 18:30:37'}
2018-10-15 18:30:49,532 F:\qq\utils\cpu_utils.py(47): ERROR {'serial': '1001', 'level': 'warn', 'message': 'Cpu usage is too hight, cpu usage reached 100.0%.', 'time': '2018-10-15 18:30:47'}
2018-10-15 18:30:59,851 F:\qq\utils\cpu_utils.py(47): ERROR {'serial': '1001', 'level': 'warn', 'message': 'Cpu usage is too hight, cpu usage reached 100.0%.', 'time': '2018-10-15 18:30:57'}
2018-10-16 09:43:35,158 F:\qq\utils\cpu_utils.py(47): ERROR {'serial': '1001', 'level': 'warn', 'message': 'Cpu usage is too hight, cpu usage reached 98.9%.', 'time': '2018-10-16 09:43:32'}
2018-10-16 09:49:28,563 F:\qq\utils\cpu_utils.py(47): ERROR {'serial': '1001', 'level': 'warn', 'message': 'Cpu usage is too hight, cpu usage reached 93.4%.', 'time': '2018-10-16 09:49:26'}
2018-10-16 10:03:39,428 F:\qq\utils\cpu_utils.py(47): ERROR {'serial': '1001', 'level': 'warn', 'message': 'Cpu usage is too hight, cpu usage reached 95.1%.', 'time': '2018-10-16 10:03:37'}
2018-10-16 10:06:25,851 F:\qq\utils\cpu_utils.py(44): ERROR {'serial': '1001', 'level': 'warn', 'message': 'Cpu usage is too hight, cpu usage reached 91.5%.', 'time': '2018-10-16 10:06:23'}
2018-10-16 10:06:46,160 F:\qq\utils\cpu_utils.py(44): ERROR {'serial': '1001', 'level': 'warn', 'message': 'Cpu usage is too hight, cpu usage reached 97.7%.', 'time': '2018-10-16 10:06:43'}
2018-10-16 10:18:05,259 F:\qq\utils\cpu_utils.py(44): ERROR {'serial': '1001', 'level': 'warn', 'message': 'Cpu usage is too hight, cpu usage reached 98.5%.', 'time': '2018-10-16 10:18:02'}
2018-10-16 10:21:51,670 F:\qq\utils\cpu_utils.py(44): ERROR {'serial': '1001', 'level': 'warn', 'message': 'Cpu usage is too hight, cpu usage reached 91.2%.', 'time': '2018-10-16 10:21:49'}
2018-10-16 11:00:47,483 F:\qq\utils\cpu_utils.py(44): ERROR {'serial': '1001', 'level': 'warn', 'message': 'Cpu usage is too hight, cpu usage reached 99.6%.', 'time': '2018-10-16 11:00:45'}
2018-10-16 11:01:08,273 F:\qq\utils\cpu_utils.py(44): ERROR {'serial': '1001', 'level': 'warn', 'message': 'Cpu usage is too hight, cpu usage reached 97.4%.', 'time': '2018-10-16 11:01:05'}
2018-10-25 17:43:56,855 F:\qq\utils\cpu_utils.py(44): ERROR {'serial': '1001', 'level': 'warn', 'message': 'Cpu usage is too hight, cpu usage reached 100.0%.', 'time': '2018-10-25 17:43:54'}
2018-10-25 17:43:57,969 F:\qq\utils\cpu_utils.py(44): ERROR {'serial': '1001', 'level': 'warn', 'message': 'Cpu usage is too hight, cpu usage reached 100.0%.', 'time': '2018-10-25 17:43:55'}
2018-10-25 17:44:07,568 F:\qq\utils\cpu_utils.py(44): ERROR {'serial': '1001', 'level': 'warn', 'message': 'Cpu usage is too hight, cpu usage reached 100.0%.', 'time': '2018-10-25 17:44:04'}
2018-10-25 17:44:08,826 F:\qq\utils\cpu_utils.py(44): ERROR {'serial': '1001', 'level': 'warn', 'message': 'Cpu usage is too hight, cpu usage reached 100.0%.', 'time': '2018-10-25 17:44:06'}
2018-10-25 17:44:17,924 F:\qq\utils\cpu_utils.py(44): ERROR {'serial': '1001', 'level': 'warn', 'message': 'Cpu usage is too hight, cpu usage reached 100.0%.', 'time': '2018-10-25 17:44:15'}
2018-10-25 17:44:19,084 F:\qq\utils\cpu_utils.py(44): ERROR {'serial': '1001', 'level': 'warn', 'message': 'Cpu usage is too hight, cpu usage reached 100.0%.', 'time': '2018-10-25 17:44:16'}
2018-10-25 17:44:29,359 F:\qq\utils\cpu_utils.py(44): ERROR {'serial': '1001', 'level': 'warn', 'message': 'Cpu usage is too hight, cpu usage reached 98.5%.', 'time': '2018-10-25 17:44:27'}
2018-10-25 17:44:38,871 F:\qq\utils\cpu_utils.py(44): ERROR {'serial': '1001', 'level': 'warn', 'message': 'Cpu usage is too hight, cpu usage reached 100.0%.', 'time': '2018-10-25 17:44:36'}
2018-10-25 17:44:39,723 F:\qq\utils\cpu_utils.py(44): ERROR {'serial': '1001', 'level': 'warn', 'message': 'Cpu usage is too hight, cpu usage reached 100.0%.', 'time': '2018-10-25 17:44:37'}
2018-10-25 17:44:59,440 F:\qq\utils\cpu_utils.py(44): ERROR {'serial': '1001', 'level': 'warn', 'message': 'Cpu usage is too hight, cpu usage reached 100.0%.', 'time': '2018-10-25 17:44:57'}
2018-10-25 17:45:00,007 F:\qq\utils\cpu_utils.py(44): ERROR {'serial': '1001', 'level': 'warn', 'message': 'Cpu usage is too hight, cpu usage reached 100.0%.', 'time': '2018-10-25 17:44:57'}
2018-10-25 17:45:19,907 F:\qq\utils\cpu_utils.py(44): ERROR {'serial': '1001', 'level': 'warn', 'message': 'Cpu usage is too hight, cpu usage reached 91.5%.', 'time': '2018-10-25 17:45:17'}
2018-10-25 17:45:20,174 F:\qq\utils\cpu_utils.py(44): ERROR {'serial': '1001', 'level': 'warn', 'message': 'Cpu usage is too hight, cpu usage reached 93.5%.', 'time': '2018-10-25 17:45:18'}
2018-12-29 17:22:17,020 E:\zadmin\utils\cpu_utils.py(44): ERROR {'serial': '1001', 'level': 'warn', 'message': 'Cpu usage is too hight, cpu usage reached 91.0%.', 'time': '2018-12-29 17:22:14'}
2018-12-29 17:22:27,826 E:\zadmin\utils\cpu_utils.py(44): ERROR {'serial': '1001', 'level': 'warn', 'message': 'Cpu usage is too hight, cpu usage reached 100.0%.', 'time': '2018-12-29 17:22:25'}
2018-12-29 17:22:30,473 E:\zadmin\utils\cpu_utils.py(44): ERROR {'time': '2018-12-29 17:22:27', 'serial': '1001', 'message': 'Cpu usage is too hight, cpu usage reached 100.0%.', 'level': 'warn'}
2018-12-29 17:24:39,919 E:\zadmin\utils\cpu_utils.py(44): ERROR {'serial': '1001', 'level': 'warn', 'message': 'Cpu usage is too hight, cpu usage reached 94.4%.', 'time': '2018-12-29 17:24:37'}
2018-12-29 17:24:42,175 E:\zadmin\utils\cpu_utils.py(44): ERROR {'time': '2018-12-29 17:24:39', 'serial': '1001', 'message': 'Cpu usage is too hight, cpu usage reached 100.0%.', 'level': 'warn'}
2018-12-29 17:27:41,742 E:\zadmin\utils\cpu_utils.py(44): ERROR {'serial': '1001', 'level': 'warn', 'message': 'Cpu usage is too hight, cpu usage reached 93.7%.', 'time': '2018-12-29 17:27:39'}
2018-12-29 17:31:59,938 E:\zadmin\utils\cpu_utils.py(44): ERROR {'time': '2018-12-29 17:31:57', 'serial': '1001', 'level': 'warn', 'message': 'Cpu usage is too hight, cpu usage reached 91.4%.'}
2018-12-29 17:32:06,890 E:\zadmin\utils\cpu_utils.py(44): ERROR {'message': 'Cpu usage is too hight, cpu usage reached 98.5%.', 'serial': '1001', 'level': 'warn', 'time': '2018-12-29 17:32:04'}
2018-12-29 17:39:52,342 E:\zadmin\utils\cpu_utils.py(44): ERROR {'message': 'Cpu usage is too hight, cpu usage reached 98.9%.', 'serial': '1001', 'level': 'warn', 'time': '2018-12-29 17:39:50'}
2019-01-02 09:24:49,574 E:\zadmin\utils\cpu_utils.py(44): ERROR {'message': 'Cpu usage is too hight, cpu usage reached 100.0%.', 'level': 'warn', 'time': '2019-01-02 09:24:47', 'serial': '1001'}
2019-01-02 09:25:40,342 E:\zadmin\utils\cpu_utils.py(44): ERROR {'message': 'Cpu usage is too hight, cpu usage reached 100.0%.', 'level': 'warn', 'time': '2019-01-02 09:25:38', 'serial': '1001'}
2019-01-02 09:25:42,253 E:\zadmin\utils\cpu_utils.py(44): ERROR {'time': '2019-01-02 09:25:40', 'level': 'warn', 'serial': '1001', 'message': 'Cpu usage is too hight, cpu usage reached 92.6%.'}
2019-01-02 09:25:50,954 E:\zadmin\utils\cpu_utils.py(44): ERROR {'message': 'Cpu usage is too hight, cpu usage reached 100.0%.', 'level': 'warn', 'time': '2019-01-02 09:25:48', 'serial': '1001'}
2019-01-02 09:25:52,715 E:\zadmin\utils\cpu_utils.py(44): ERROR {'time': '2019-01-02 09:25:50', 'level': 'warn', 'serial': '1001', 'message': 'Cpu usage is too hight, cpu usage reached 100.0%.'}
2019-01-02 09:26:01,343 E:\zadmin\utils\cpu_utils.py(44): ERROR {'message': 'Cpu usage is too hight, cpu usage reached 100.0%.', 'level': 'warn', 'time': '2019-01-02 09:25:58', 'serial': '1001'}
2019-01-02 09:26:03,100 E:\zadmin\utils\cpu_utils.py(44): ERROR {'time': '2019-01-02 09:26:00', 'level': 'warn', 'serial': '1001', 'message': 'Cpu usage is too hight, cpu usage reached 92.7%.'}
2019-01-02 09:26:11,848 E:\zadmin\utils\cpu_utils.py(44): ERROR {'message': 'Cpu usage is too hight, cpu usage reached 100.0%.', 'level': 'warn', 'time': '2019-01-02 09:26:09', 'serial': '1001'}
2019-01-02 09:26:16,125 E:\zadmin\utils\cpu_utils.py(44): ERROR {'time': '2019-01-02 09:26:11', 'level': 'warn', 'serial': '1001', 'message': 'Cpu usage is too hight, cpu usage reached 100.0%.'}
2019-01-02 09:26:22,092 E:\zadmin\utils\cpu_utils.py(44): ERROR {'message': 'Cpu usage is too hight, cpu usage reached 100.0%.', 'level': 'warn', 'time': '2019-01-02 09:26:19', 'serial': '1001'}
2019-01-02 09:26:27,005 E:\zadmin\utils\cpu_utils.py(44): ERROR {'time': '2019-01-02 09:26:24', 'level': 'warn', 'serial': '1001', 'message': 'Cpu usage is too hight, cpu usage reached 100.0%.'}
2019-01-02 09:26:32,337 E:\zadmin\utils\cpu_utils.py(44): ERROR {'message': 'Cpu usage is too hight, cpu usage reached 100.0%.', 'level': 'warn', 'time': '2019-01-02 09:26:30', 'serial': '1001'}
2019-01-02 09:26:37,232 E:\zadmin\utils\cpu_utils.py(44): ERROR {'time': '2019-01-02 09:26:35', 'level': 'warn', 'serial': '1001', 'message': 'Cpu usage is too hight, cpu usage reached 100.0%.'}
2019-01-02 09:26:42,503 E:\zadmin\utils\cpu_utils.py(44): ERROR {'message': 'Cpu usage is too hight, cpu usage reached 99.6%.', 'level': 'warn', 'time': '2019-01-02 09:26:40', 'serial': '1001'}
2019-01-02 09:26:47,480 E:\zadmin\utils\cpu_utils.py(44): ERROR {'time': '2019-01-02 09:26:45', 'level': 'warn', 'serial': '1001', 'message': 'Cpu usage is too hight, cpu usage reached 100.0%.'}
2019-01-02 09:26:52,657 E:\zadmin\utils\cpu_utils.py(44): ERROR {'message': 'Cpu usage is too hight, cpu usage reached 99.2%.', 'level': 'warn', 'time': '2019-01-02 09:26:50', 'serial': '1001'}
2019-01-02 09:26:57,645 E:\zadmin\utils\cpu_utils.py(44): ERROR {'time': '2019-01-02 09:26:55', 'level': 'warn', 'serial': '1001', 'message': 'Cpu usage is too hight, cpu usage reached 98.1%.'}
2019-01-02 09:27:27,972 E:\zadmin\utils\cpu_utils.py(44): ERROR {'time': '2019-01-02 09:27:25', 'level': 'warn', 'serial': '1001', 'message': 'Cpu usage is too hight, cpu usage reached 90.4%.'}
2019-01-02 09:27:33,316 E:\zadmin\utils\cpu_utils.py(44): ERROR {'message': 'Cpu usage is too hight, cpu usage reached 93.2%.', 'level': 'warn', 'time': '2019-01-02 09:27:31', 'serial': '1001'}
